<?xml version="1.0" encoding="UTF-8"?>
<!-- Generated by org.testng.reporters.JUnitXMLReporter -->
<testsuite hostname="L1145" ignored="1" name="Lalala" tests="15" failures="1" timestamp="2020-05-20T13:39:01 CEST" time="0.07" errors="0">
  <testcase name="byTest" time="0.0" classname="tttestNG.Day1">
    <failure type="org.testng.TestNGException" message="
Parameter &amp;apos;URL&amp;apos; is required by @Test on method byTest but has not been marked @Optional or defined
in C:\_Projects\AppUdmIJ\testng.xml">
      <![CDATA[org.testng.TestNGException: 
Parameter 'URL' is required by @Test on method byTest but has not been marked @Optional or defined
in C:\_Projects\AppUdmIJ\testng.xml
at java.util.ArrayList.forEach(ArrayList.java:1257)
at java.util.concurrent.FutureTask.run(FutureTask.java:266)
at java.util.concurrent.ThreadPoolExecutor.runWorker(ThreadPoolExecutor.java:1149)
at java.util.concurrent.ThreadPoolExecutor$Worker.run(ThreadPoolExecutor.java:624)
at java.lang.Thread.run(Thread.java:748)
... Removed 17 stack frames]]>
    </failure>
  </testcase> <!-- byTest -->
  <testcase name="apiLogin" time="0.001" classname="tttestNG.Day3"/>
  <testcase name="webLogout" time="0.0" classname="tttestNG.Day3"/>
  <testcase name="weblogin" time="0.0" classname="tttestNG.Day3"/>
  <testcase name="worksapi" time="0.0" classname="tttestNG.Day3"/>
  <testcase name="apiLogOut" time="0.0" classname="tttestNG.Day3"/>
  <testcase name="helloTest" time="0.0" classname="tttestNG.Day1"/>
  <testcase name="byTest" time="0.015" classname="tttestNG.Day2"/>
  <testcase name="byTest" time="0.0" classname="tttestNG.Day2"/>
  <testcase name="byTest" time="0.0" classname="tttestNG.Day2"/>
  <testcase name="helloTest" time="0.0" classname="tttestNG.Day2"/>
  <testcase name="apiLogin" time="0.0" classname="tttestNG.Day3"/>
  <testcase name="weblogin" time="0.001" classname="tttestNG.Day3"/>
  <testcase name="testCaseLogin" time="0.001" classname="tttestNG.Main"/>
  <testcase name="testCaseLogin2" time="0.0" classname="tttestNG.Main"/>
  <testcase name="mobileLogin" time="0.0" classname="tttestNG.Day3">
    <ignored/>
  </testcase> <!-- mobileLogin -->
</testsuite> <!-- Lalala -->
